
The model supplied is ../data/models/Ecoli_core/Ecoli_core.mps
Solution value  = 0.873922
Solution status = 1
Rounded solution at 90%  is 0.786530
Solving 95 reations !
Objective index is 12
Number of threads = 16, Number of CPUs = 1

Thread 11/16 of process 1/1 did 0 iterations in 0.000761 s
Thread 13/16 of process 1/1 did 0 iterations in 0.000761 s
Thread 3/16 of process 1/1 did 0 iterations in 0.000763 s
Thread 12/16 of process 1/1 did 0 iterations in 0.000766 s
Thread 4/16 of process 1/1 did 0 iterations in 0.000766 s
Thread 5/16 of process 1/1 did 0 iterations in 0.000764 s
Thread 6/16 of process 1/1 did 0 iterations in 0.000768 s
Thread 15/16 of process 1/1 did 0 iterations in 0.000765 s
Thread 2/16 of process 1/1 did 0 iterations in 0.000770 s
Thread 9/16 of process 1/1 did 0 iterations in 0.000767 s
Thread 8/16 of process 1/1 did 0 iterations in 0.000777 s
Thread 14/16 of process 1/1 did 0 iterations in 0.000778 s
Thread 7/16 of process 1/1 did 40 iterations in 0.007459 s
Thread 10/16 of process 1/1 did 50 iterations in 0.007694 s
Thread 0/16 of process 1/1 did 50 iterations in 0.008531 s
Thread 1/16 of process 1/1 did 50 iterations in 0.008627 s
FVA done in 0.01953 seconds.
