
The model supplied is ../data/models/Ematrix_coupled/Ematrix_coupled.mps
Solution value  = 39.281721
Solution status = 1
Rounded solution at 90%  is 35.353550
Solving 13726 reations !
Objective index is 13185
Number of threads = 16, Number of CPUs = 1

Thread 3/16 of process 1/1 did 1400 iterations in 168.130261 s
Thread 0/16 of process 1/1 did 850 iterations in 168.601309 s
Thread 4/16 of process 1/1 did 1300 iterations in 169.767968 s
Thread 11/16 of process 1/1 did 2000 iterations in 169.948193 s
Thread 13/16 of process 1/1 did 1350 iterations in 169.995360 s
Thread 15/16 of process 1/1 did 1752 iterations in 170.458856 s
Thread 1/16 of process 1/1 did 1300 iterations in 172.715534 s
Thread 7/16 of process 1/1 did 2500 iterations in 173.234564 s
Thread 14/16 of process 1/1 did 1650 iterations in 174.500162 s
Thread 8/16 of process 1/1 did 2650 iterations in 176.068266 s
Thread 5/16 of process 1/1 did 3100 iterations in 176.380029 s
Thread 12/16 of process 1/1 did 800 iterations in 177.231911 s
Thread 10/16 of process 1/1 did 900 iterations in 179.436327 s
Thread 9/16 of process 1/1 did 2550 iterations in 181.818695 s
Thread 6/16 of process 1/1 did 2200 iterations in 182.550824 s
Thread 2/16 of process 1/1 did 1150 iterations in 184.971559 s
FVA done in 185.73160 seconds.
