
The model supplied is ../data/models/Harvey/Harvey.mps
SCAIND parameter is -1
Solution value  = 1.891835
Solution status = 1
Rounded solution at 90%  is 1.702651
Solving 80160 reations !
Objective index is 80159
Number of threads = 16, Number of CPUs = 1

Thread 0/16 of process 1/1 did 6660 iterations in 45680.477774 s
Thread 4/16 of process 1/1 did 9500 iterations in 45684.402316 s
Thread 10/16 of process 1/1 did 10500 iterations in 45708.447209 s
Thread 6/16 of process 1/1 did 12500 iterations in 45841.647507 s
Thread 2/16 of process 1/1 did 9000 iterations in 45860.932185 s
Thread 3/16 of process 1/1 did 13500 iterations in 45862.557393 s
Thread 15/16 of process 1/1 did 7500 iterations in 45916.475652 s
Thread 5/16 of process 1/1 did 13000 iterations in 45922.639443 s
Thread 12/16 of process 1/1 did 8000 iterations in 45922.973071 s
Thread 1/16 of process 1/1 did 13160 iterations in 46156.473548 s
Thread 8/16 of process 1/1 did 7000 iterations in 46171.174818 s
Thread 11/16 of process 1/1 did 10000 iterations in 46328.162812 s
Thread 14/16 of process 1/1 did 9500 iterations in 46457.953427 s
Thread 13/16 of process 1/1 did 9000 iterations in 46665.052422 s
Thread 7/16 of process 1/1 did 9000 iterations in 46760.940888 s
Thread 9/16 of process 1/1 did 12500 iterations in 47767.047416 s
FVA done in 48406.48709 seconds.
