
The model supplied is ../data/models/Harvey/Harvey.mps
SCAIND parameter is -1
Solution value  = 1.891835
Solution status = 1
Rounded solution at 90%  is 1.702651
Solving 80160 reations !
Objective index is 80159
Number of threads = 32, Number of CPUs = 1

Thread 30/32 of process 1/1 did 6500 iterations in 39410.171010 s
Thread 4/32 of process 1/1 did 4500 iterations in 39410.684384 s
Thread 31/32 of process 1/1 did 5500 iterations in 39411.913626 s
Thread 14/32 of process 1/1 did 5500 iterations in 39415.269742 s
Thread 2/32 of process 1/1 did 5900 iterations in 39415.424940 s
Thread 10/32 of process 1/1 did 5700 iterations in 39418.931790 s
Thread 3/32 of process 1/1 did 3900 iterations in 39419.246489 s
Thread 26/32 of process 1/1 did 4400 iterations in 39419.969037 s
Thread 7/32 of process 1/1 did 4560 iterations in 39421.628677 s
Thread 27/32 of process 1/1 did 5600 iterations in 39424.561613 s
Thread 20/32 of process 1/1 did 4200 iterations in 39484.962878 s
Thread 19/32 of process 1/1 did 5400 iterations in 39503.205433 s
Thread 23/32 of process 1/1 did 5400 iterations in 39507.787782 s
Thread 22/32 of process 1/1 did 5600 iterations in 39528.363525 s
Thread 12/32 of process 1/1 did 6300 iterations in 39542.657411 s
Thread 28/32 of process 1/1 did 5900 iterations in 39552.019730 s
Thread 9/32 of process 1/1 did 4500 iterations in 39553.559609 s
Thread 1/32 of process 1/1 did 4900 iterations in 39556.375052 s
Thread 15/32 of process 1/1 did 6300 iterations in 39560.997574 s
Thread 11/32 of process 1/1 did 5800 iterations in 39584.573736 s
Thread 25/32 of process 1/1 did 5700 iterations in 39617.430578 s
Thread 24/32 of process 1/1 did 4600 iterations in 39648.155206 s
Thread 8/32 of process 1/1 did 3300 iterations in 39661.403415 s
Thread 5/32 of process 1/1 did 5100 iterations in 39664.251371 s
Thread 13/32 of process 1/1 did 4600 iterations in 39834.553185 s
Thread 29/32 of process 1/1 did 3300 iterations in 39844.207987 s
Thread 18/32 of process 1/1 did 5500 iterations in 39986.650530 s
Thread 0/32 of process 1/1 did 4560 iterations in 40356.113161 s
Thread 16/32 of process 1/1 did 5200 iterations in 40387.460572 s
Thread 17/32 of process 1/1 did 4500 iterations in 40731.301639 s
Thread 6/32 of process 1/1 did 4200 iterations in 40988.993021 s
Thread 21/32 of process 1/1 did 3400 iterations in 41656.329027 s
FVA done in 42297.88965 seconds.
