
The model supplied is ../data/models/Harvey/Harvey.mps
SCAIND parameter is -1
Solution value  = 1.891835
Solution status = 1
Rounded solution at 90%  is 1.702651
Solving 80160 reations !
Objective index is 80159
Number of threads = 16, Number of CPUs = 1

Thread 3/16 of process 1/1 did 11729 iterations in 45895.369132 s
Thread 15/16 of process 1/1 did 8583 iterations in 45895.378347 s
Thread 1/16 of process 1/1 did 6797 iterations in 45895.498265 s
Thread 14/16 of process 1/1 did 6307 iterations in 45895.784807 s
Thread 5/16 of process 1/1 did 17712 iterations in 45904.179650 s
Thread 4/16 of process 1/1 did 9020 iterations in 45975.881665 s
Thread 11/16 of process 1/1 did 21162 iterations in 46422.578116 s
Thread 8/16 of process 1/1 did 13920 iterations in 46444.399729 s
Thread 7/16 of process 1/1 did 18093 iterations in 46449.041589 s
Thread 9/16 of process 1/1 did 7931 iterations in 46633.705014 s
Thread 13/16 of process 1/1 did 13132 iterations in 46982.439733 s
Thread 10/16 of process 1/1 did 9409 iterations in 47564.928686 s
Thread 12/16 of process 1/1 did 3629 iterations in 47809.749246 s
Thread 2/16 of process 1/1 did 3189 iterations in 49070.302228 s
Thread 6/16 of process 1/1 did 4697 iterations in 53517.841045 s
Thread 0/16 of process 1/1 did 5010 iterations in 53710.421662 s
FVA done in 54352.00094 seconds.
