
The model supplied is ../data/models/Harvey/Harvey.mps
SCAIND parameter is -1
Solution value  = 1.891835
Solution status = 1
Rounded solution at 90%  is 1.702651
Solving 80160 reations !
Objective index is 80159
Number of threads = 32, Number of CPUs = 1

Thread 30/32 of process 1/1 did 5010 iterations in 4445.823798 s
Thread 20/32 of process 1/1 did 5010 iterations in 10526.182801 s
Thread 23/32 of process 1/1 did 5010 iterations in 11521.403422 s
Thread 22/32 of process 1/1 did 5010 iterations in 12243.065188 s
Thread 21/32 of process 1/1 did 5010 iterations in 12832.816259 s
Thread 17/32 of process 1/1 did 5010 iterations in 13071.020363 s
Thread 25/32 of process 1/1 did 5010 iterations in 13621.607435 s
Thread 5/32 of process 1/1 did 5010 iterations in 16225.697232 s
Thread 18/32 of process 1/1 did 5010 iterations in 16375.235722 s
Thread 29/32 of process 1/1 did 5010 iterations in 16770.863860 s
Thread 19/32 of process 1/1 did 5010 iterations in 17244.760500 s
Thread 31/32 of process 1/1 did 5010 iterations in 17846.730432 s
Thread 24/32 of process 1/1 did 5010 iterations in 18094.989374 s
Thread 7/32 of process 1/1 did 5010 iterations in 19607.659200 s
Thread 26/32 of process 1/1 did 5010 iterations in 20076.997751 s
Thread 27/32 of process 1/1 did 5010 iterations in 21307.301375 s
Thread 16/32 of process 1/1 did 5010 iterations in 22539.967210 s
Thread 15/32 of process 1/1 did 5010 iterations in 30889.344828 s
Thread 28/32 of process 1/1 did 5010 iterations in 33722.419138 s
Thread 4/32 of process 1/1 did 5010 iterations in 35148.055450 s
Thread 14/32 of process 1/1 did 5010 iterations in 36300.003614 s
Thread 3/32 of process 1/1 did 5010 iterations in 38460.192861 s
Thread 8/32 of process 1/1 did 5010 iterations in 39010.318331 s
Thread 10/32 of process 1/1 did 5010 iterations in 39300.794119 s
Thread 1/32 of process 1/1 did 5010 iterations in 40691.899342 s
Thread 0/32 of process 1/1 did 5010 iterations in 44743.192865 s
Thread 9/32 of process 1/1 did 5010 iterations in 45815.325802 s
Thread 12/32 of process 1/1 did 5010 iterations in 46267.007212 s
Thread 13/32 of process 1/1 did 5010 iterations in 46326.556070 s
Thread 6/32 of process 1/1 did 5010 iterations in 48414.317410 s
Thread 2/32 of process 1/1 did 5010 iterations in 49025.972858 s
Thread 11/32 of process 1/1 did 5010 iterations in 53346.745539 s
FVA done in 53985.19842 seconds.
